Arguments: 
  /usr/bin/node /usr/local/bin/yarn jazda

PATH: 
  /usr/local/sbin:/usr/local/bin:/usr/sbin:/usr/bin:/sbin:/bin:/usr/games:/usr/local/games:/snap/bin

Yarn version: 
  1.7.0

Node version: 
  8.10.0

Platform: 
  linux x64

Trace: 
  SyntaxError: /home/andy/Pulpit/POZ_FER_S_11_REACT_Furry_Game/package.json: Unexpected token y in JSON at position 98
      at JSON.parse (<anonymous>)
      at /usr/local/lib/node_modules/yarn/lib/cli.js:1130:59
      at Generator.next (<anonymous>)
      at step (/usr/local/lib/node_modules/yarn/lib/cli.js:98:30)
      at /usr/local/lib/node_modules/yarn/lib/cli.js:109:13
      at <anonymous>

npm manifest: 
  {
    "name": "test",
    "version": "1.0.0",
    "main": "index.js",
    "license": "MIT",
    "scripts": {ya
      "jazda": "./node_modules/.bin/webpack",
      "dev": "./node_modules/.bin/webpack-dev-server --hot --inline"
    },
    "devDependencies": {
      "css-loader": "^1.0.0",
      "gsap": "^2.0.1",
      "html-webpack-plugin": "^3.2.0",
      "node-sass": "^4.9.2",
      "sass-loader": "^7.0.3",
      "style-loader": "^0.21.0",
      "webpack": "^4.16.4",
      "webpack-cli": "^3.1.0",
      "webpack-dev-server": "^3.1.5"
    },
    "dependencies": {
      "dev": "^0.1.3",
      "save": "^2.3.2"
    }
  }

yarn manifest: 
  No manifest

Lockfile: 
  No lockfile
